Build started 10/24/2014 3:10:33 PM.
     1>Project "C:\Users\Sean\CS3113-HW\HW4(new)\NYUCodebase\NYUCodebase\NYUCodebase.vcxproj" on node 2 (Build target(s)).
     1>ClCompile:
         C:\Program Files (x86)\Microsoft Visual Studio 12.0\VC\bin\CL.exe /c /IC:\SDL2\include /IC:\SDL2_image\include /ZI /nologo /W3 /WX- /sdl /Od /Oy- /D _MBCS /Gm /EHsc /RTC1 /MDd /GS /fp:precise /Zc:wchar_t /Zc:forScope /Fo"Debug\\" /Fd"Debug\vc120.pdb" /Gd /TP /analyze- /errorReport:prompt Entity.cpp Entity.h LoadTexture.cpp LoadTexture.h main.cpp SheetSprite.cpp
         SheetSprite.cpp
         main.cpp
         LoadTexture.h
         LoadTexture.cpp
         Entity.h
         Entity.cpp
         Generating Code...
       Link:
         C:\Program Files (x86)\Microsoft Visual Studio 12.0\VC\bin\link.exe /ERRORREPORT:PROMPT /OUT:"C:\Users\Sean\CS3113-HW\HW4(new)\NYUCodebase\Debug\NYUCodebase.exe" /INCREMENTAL /NOLOGO /LIBPATH:C:\SDL2\lib\x86 /LIBPATH:C:\SDL2_image\lib\x86 SDL2.lib SDL2main.lib SDL2_image.lib OpenGL32.lib /MANIFEST /MANIFESTUAC:"level='asInvoker' uiAccess='false'" /manifest:embed /DEBUG /PDB:"C:\Users\Sean\CS3113-HW\HW4(new)\NYUCodebase\Debug\NYUCodebase.pdb" /SUBSYSTEM:WINDOWS /TLBID:1 /DYNAMICBASE /NXCOMPAT /IMPLIB:"C:\Users\Sean\CS3113-HW\HW4(new)\NYUCodebase\Debug\NYUCodebase.lib" /MACHINE:X86 Debug\Entity.obj
         Debug\Entity.obj
         Debug\LoadTexture.obj
         Debug\LoadTexture.obj
         Debug\main.obj
         Debug\SheetSprite.obj
     1>Debug\Entity.obj : warning LNK4042: object specified more than once; extras ignored
     1>Debug\LoadTexture.obj : warning LNK4042: object specified more than once; extras ignored
     1>MSVCRTD.lib(cinitexe.obj) : warning LNK4098: defaultlib 'msvcrt.lib' conflicts with use of other libs; use /NODEFAULTLIB:library
     1>main.obj : error LNK2019: unresolved external symbol "unsigned int __cdecl LoadTexture(class std::basic_string<char,struct std::char_traits<char>,class std::allocator<char> >)" (?LoadTexture@@YAIV?$basic_string@DU?$char_traits@D@std@@V?$allocator@D@2@@std@@@Z) referenced in function _SDL_main
     1>C:\Users\Sean\CS3113-HW\HW4(new)\NYUCodebase\Debug\NYUCodebase.exe : fatal error LNK1120: 1 unresolved externals
     1>Done Building Project "C:\Users\Sean\CS3113-HW\HW4(new)\NYUCodebase\NYUCodebase\NYUCodebase.vcxproj" (Build target(s)) -- FAILED.

Build FAILED.

Time Elapsed 00:00:03.43
